c:\users\vadim\onedrive\рабочий стол\курсова\11\1\x64\debug\vc143.pdb
c:\users\vadim\onedrive\рабочий стол\курсова\11\1\x64\debug\.netframework,version=v4.7.2.assemblyattributes.obj
c:\users\vadim\onedrive\рабочий стол\курсова\11\1\x64\debug\systemform.obj
c:\users\vadim\onedrive\рабочий стол\курсова\11\1\x64\debug\registerform.obj
c:\users\vadim\onedrive\рабочий стол\курсова\11\1\x64\debug\mainform.obj
c:\users\vadim\onedrive\рабочий стол\курсова\11\1\x64\debug\loginform.obj
c:\users\vadim\onedrive\документы\github\corse\1\x64\debug\vc143.pdb
c:\users\vadim\onedrive\документы\github\corse\1\x64\debug\.netframework,version=v4.7.2.assemblyattributes.obj
c:\users\vadim\onedrive\документы\github\corse\1\x64\debug\systemform.obj
c:\users\vadim\onedrive\документы\github\corse\1\x64\debug\mainform.obj
c:\users\vadim\onedrive\рабочий стол\курсова\11\x64\debug\1.exe
c:\users\vadim\onedrive\рабочий стол\курсова\11\x64\debug\1.pdb
c:\users\vadim\onedrive\документы\github\corse\1\x64\debug\1.vcxproj.assemblyreference.cache
c:\users\vadim\onedrive\документы\github\corse\1\x64\debug\1.vcxproj.generateresource.cache
c:\users\vadim\onedrive\документы\github\corse\1\x64\debug\1.vcxproj.suggestedbindingredirects.cache
c:\users\vadim\onedrive\документы\github\corse\1\x64\debug\loginform.obj
c:\users\vadim\onedrive\документы\github\corse\1\x64\debug\registerform.obj
c:\users\vadim\onedrive\документы\github\corse\1\x64\debug\my1.loginform.resources
c:\users\vadim\onedrive\документы\github\corse\1\x64\debug\my1.mainform.resources
c:\users\vadim\onedrive\документы\github\corse\1\x64\debug\my1.registerform.resources
c:\users\vadim\onedrive\документы\github\corse\1\x64\debug\my1.systemform.resources
c:\users\vadim\onedrive\документы\github\corse\x64\debug\1.pdb
c:\users\vadim\onedrive\документы\github\corse\x64\debug\1.exe
c:\users\vadim\onedrive\документы\github\corse\1\x64\debug\1.tlog\cl.command.1.tlog
c:\users\vadim\onedrive\документы\github\corse\1\x64\debug\1.tlog\cl.read.1.tlog
c:\users\vadim\onedrive\документы\github\corse\1\x64\debug\1.tlog\cl.write.1.tlog
c:\users\vadim\onedrive\документы\github\corse\1\x64\debug\1.tlog\link.command.1.tlog
c:\users\vadim\onedrive\документы\github\corse\1\x64\debug\1.tlog\link.read.1.tlog
c:\users\vadim\onedrive\документы\github\corse\1\x64\debug\1.tlog\link.write.1.tlog
c:\users\vadim\onedrive\документы\github\corse\1\x64\debug\1.tlog\metagen.read.1.tlog
c:\users\vadim\onedrive\документы\github\corse\1\x64\debug\1.tlog\metagen.write.1.tlog
c:\users\vadim\onedrive\документы\github\corse\1\x64\debug\1.tlog\resgen.command.1.tlog
c:\users\vadim\onedrive\документы\github\corse\1\x64\debug\1.tlog\resgen.read.1.tlog
c:\users\vadim\onedrive\документы\github\corse\1\x64\debug\1.tlog\resgen.write.1.tlog
