  LoginForm.cpp
C:\Users\vadim\OneDrive\Рабочий стол\Курсова\11\1\RegisterForm.h(228,22): warning C4477: 'sprintf' : format string '%s' requires an argument of type 'char *', but variadic argument 2 has type 'System::String ^'
C:\Users\vadim\OneDrive\Рабочий стол\Курсова\11\1\RegisterForm.h(231,25): warning C4477: 'sprintf' : format string '%s' requires an argument of type 'char *', but variadic argument 1 has type 'System::String ^'
C:\Users\vadim\OneDrive\Рабочий стол\Курсова\11\1\RegisterForm.h(233,25): warning C4477: 'sprintf' : format string '%s' requires an argument of type 'char *', but variadic argument 1 has type 'System::String ^'
C:\Users\vadim\OneDrive\Рабочий стол\Курсова\11\1\RegisterForm.h(220,21): warning C4996: 'getenv': This function or variable may be unsafe. Consider using _dupenv_s instead. To disable deprecation, use _CRT_SECURE_NO_WARNINGS. See online help for details.
C:\Users\vadim\OneDrive\Рабочий стол\Курсова\11\1\RegisterForm.h(224,3): warning C4996: 'sprintf': This function or variable may be unsafe. Consider using sprintf_s instead. To disable deprecation, use _CRT_SECURE_NO_WARNINGS. See online help for details.
C:\Users\vadim\OneDrive\Рабочий стол\Курсова\11\1\RegisterForm.h(226,16): warning C4996: 'mkdir': The POSIX name for this item is deprecated. Instead, use the ISO C and C++ conformant name: _mkdir. See online help for details.
C:\Users\vadim\OneDrive\Рабочий стол\Курсова\11\1\RegisterForm.h(228,3): warning C4996: 'sprintf': This function or variable may be unsafe. Consider using sprintf_s instead. To disable deprecation, use _CRT_SECURE_NO_WARNINGS. See online help for details.
C:\Users\vadim\OneDrive\Рабочий стол\Курсова\11\1\RegisterForm.h(231,3): warning C4996: 'sprintf': This function or variable may be unsafe. Consider using sprintf_s instead. To disable deprecation, use _CRT_SECURE_NO_WARNINGS. See online help for details.
C:\Users\vadim\OneDrive\Рабочий стол\Курсова\11\1\RegisterForm.h(233,3): warning C4996: 'sprintf': This function or variable may be unsafe. Consider using sprintf_s instead. To disable deprecation, use _CRT_SECURE_NO_WARNINGS. See online help for details.
C:\Users\vadim\OneDrive\Рабочий стол\Курсова\11\1\RegisterForm.h(237,3): warning C4996: 'strcpy': This function or variable may be unsafe. Consider using strcpy_s instead. To disable deprecation, use _CRT_SECURE_NO_WARNINGS. See online help for details.
C:\Users\vadim\OneDrive\Рабочий стол\Курсова\11\1\RegisterForm.h(238,3): warning C4996: 'strcpy': This function or variable may be unsafe. Consider using strcpy_s instead. To disable deprecation, use _CRT_SECURE_NO_WARNINGS. See online help for details.
C:\Users\vadim\OneDrive\Рабочий стол\Курсова\11\1\RegisterForm.h(240,14): warning C4996: 'fopen': This function or variable may be unsafe. Consider using fopen_s instead. To disable deprecation, use _CRT_SECURE_NO_WARNINGS. See online help for details.
C:\Users\vadim\OneDrive\Рабочий стол\Курсова\11\1\RegisterForm.h(242,9): warning C4996: 'fopen': This function or variable may be unsafe. Consider using fopen_s instead. To disable deprecation, use _CRT_SECURE_NO_WARNINGS. See online help for details.
C:\Users\vadim\OneDrive\Рабочий стол\Курсова\11\1\SystemForm.h(34,3): warning C4091: 'static ': ignored on left of 'My1::Question' when no variable is declared
C:\Users\vadim\OneDrive\Рабочий стол\Курсова\11\1\SystemForm.h(40,3): warning C4091: 'static ': ignored on left of 'My1::Question_list' when no variable is declared
C:\Users\vadim\OneDrive\Рабочий стол\Курсова\11\1\SystemForm.h(577,21): warning C4996: 'getenv': This function or variable may be unsafe. Consider using _dupenv_s instead. To disable deprecation, use _CRT_SECURE_NO_WARNINGS. See online help for details.
C:\Users\vadim\OneDrive\Рабочий стол\Курсова\11\1\SystemForm.h(581,3): warning C4996: 'sprintf': This function or variable may be unsafe. Consider using sprintf_s instead. To disable deprecation, use _CRT_SECURE_NO_WARNINGS. See online help for details.
C:\Users\vadim\OneDrive\Рабочий стол\Курсова\11\1\SystemForm.h(584,14): warning C4996: 'fopen': This function or variable may be unsafe. Consider using fopen_s instead. To disable deprecation, use _CRT_SECURE_NO_WARNINGS. See online help for details.
C:\Users\vadim\OneDrive\Рабочий стол\Курсова\11\1\SystemForm.h(585,8): warning C4101: 'line': unreferenced local variable
C:\Users\vadim\OneDrive\Рабочий стол\Курсова\11\1\SystemForm.h(594,4): warning C4996: 'strcpy': This function or variable may be unsafe. Consider using strcpy_s instead. To disable deprecation, use _CRT_SECURE_NO_WARNINGS. See online help for details.
C:\Users\vadim\OneDrive\Рабочий стол\Курсова\11\1\SystemForm.h(595,4): warning C4996: 'strcpy': This function or variable may be unsafe. Consider using strcpy_s instead. To disable deprecation, use _CRT_SECURE_NO_WARNINGS. See online help for details.
C:\Users\vadim\OneDrive\Рабочий стол\Курсова\11\1\SystemForm.h(596,4): warning C4996: 'strcpy': This function or variable may be unsafe. Consider using strcpy_s instead. To disable deprecation, use _CRT_SECURE_NO_WARNINGS. See online help for details.
C:\Users\vadim\OneDrive\Рабочий стол\Курсова\11\1\SystemForm.h(597,4): warning C4996: 'strcpy': This function or variable may be unsafe. Consider using strcpy_s instead. To disable deprecation, use _CRT_SECURE_NO_WARNINGS. See online help for details.
C:\Users\vadim\OneDrive\Рабочий стол\Курсова\11\1\SystemForm.h(598,4): warning C4996: 'strcpy': This function or variable may be unsafe. Consider using strcpy_s instead. To disable deprecation, use _CRT_SECURE_NO_WARNINGS. See online help for details.
C:\Users\vadim\OneDrive\Рабочий стол\Курсова\11\1\SystemForm.h(599,4): warning C4996: 'strcpy': This function or variable may be unsafe. Consider using strcpy_s instead. To disable deprecation, use _CRT_SECURE_NO_WARNINGS. See online help for details.
C:\Users\vadim\OneDrive\Рабочий стол\Курсова\11\1\SystemForm.h(668,38): warning C4244: '=': conversion from '__int64' to 'int', possible loss of data
C:\Users\vadim\OneDrive\Рабочий стол\Курсова\11\1\SystemForm.h(662,3): warning C4996: 'strcpy': This function or variable may be unsafe. Consider using strcpy_s instead. To disable deprecation, use _CRT_SECURE_NO_WARNINGS. See online help for details.
C:\Users\vadim\OneDrive\Рабочий стол\Курсова\11\1\SystemForm.h(663,3): warning C4996: 'strcpy': This function or variable may be unsafe. Consider using strcpy_s instead. To disable deprecation, use _CRT_SECURE_NO_WARNINGS. See online help for details.
C:\Users\vadim\OneDrive\Рабочий стол\Курсова\11\1\SystemForm.h(664,3): warning C4996: 'strcpy': This function or variable may be unsafe. Consider using strcpy_s instead. To disable deprecation, use _CRT_SECURE_NO_WARNINGS. See online help for details.
C:\Users\vadim\OneDrive\Рабочий стол\Курсова\11\1\SystemForm.h(665,3): warning C4996: 'strcpy': This function or variable may be unsafe. Consider using strcpy_s instead. To disable deprecation, use _CRT_SECURE_NO_WARNINGS. See online help for details.
C:\Users\vadim\OneDrive\Рабочий стол\Курсова\11\1\SystemForm.h(666,3): warning C4996: 'strcpy': This function or variable may be unsafe. Consider using strcpy_s instead. To disable deprecation, use _CRT_SECURE_NO_WARNINGS. See online help for details.
C:\Users\vadim\OneDrive\Рабочий стол\Курсова\11\1\SystemForm.h(667,3): warning C4996: 'strcpy': This function or variable may be unsafe. Consider using strcpy_s instead. To disable deprecation, use _CRT_SECURE_NO_WARNINGS. See online help for details.
C:\Users\vadim\OneDrive\Рабочий стол\Курсова\11\1\SystemForm.h(671,3): warning C4996: 'strcpy': This function or variable may be unsafe. Consider using strcpy_s instead. To disable deprecation, use _CRT_SECURE_NO_WARNINGS. See online help for details.
C:\Users\vadim\OneDrive\Рабочий стол\Курсова\11\1\SystemForm.h(672,3): warning C4996: 'strcpy': This function or variable may be unsafe. Consider using strcpy_s instead. To disable deprecation, use _CRT_SECURE_NO_WARNINGS. See online help for details.
C:\Users\vadim\OneDrive\Рабочий стол\Курсова\11\1\SystemForm.h(673,3): warning C4996: 'strcpy': This function or variable may be unsafe. Consider using strcpy_s instead. To disable deprecation, use _CRT_SECURE_NO_WARNINGS. See online help for details.
C:\Users\vadim\OneDrive\Рабочий стол\Курсова\11\1\SystemForm.h(674,3): warning C4996: 'strcpy': This function or variable may be unsafe. Consider using strcpy_s instead. To disable deprecation, use _CRT_SECURE_NO_WARNINGS. See online help for details.
C:\Users\vadim\OneDrive\Рабочий стол\Курсова\11\1\SystemForm.h(675,3): warning C4996: 'strcpy': This function or variable may be unsafe. Consider using strcpy_s instead. To disable deprecation, use _CRT_SECURE_NO_WARNINGS. See online help for details.
C:\Users\vadim\OneDrive\Рабочий стол\Курсова\11\1\SystemForm.h(676,3): warning C4996: 'strcpy': This function or variable may be unsafe. Consider using strcpy_s instead. To disable deprecation, use _CRT_SECURE_NO_WARNINGS. See online help for details.
C:\Users\vadim\OneDrive\Рабочий стол\Курсова\11\1\SystemForm.h(679,7): warning C4996: 'fopen': This function or variable may be unsafe. Consider using fopen_s instead. To disable deprecation, use _CRT_SECURE_NO_WARNINGS. See online help for details.
C:\Users\vadim\OneDrive\Рабочий стол\Курсова\11\1\SystemForm.h(681,7): warning C4996: 'fopen': This function or variable may be unsafe. Consider using fopen_s instead. To disable deprecation, use _CRT_SECURE_NO_WARNINGS. See online help for details.
C:\Users\vadim\OneDrive\Рабочий стол\Курсова\11\1\SystemForm.h(691,7): warning C4996: 'fopen': This function or variable may be unsafe. Consider using fopen_s instead. To disable deprecation, use _CRT_SECURE_NO_WARNINGS. See online help for details.
C:\Users\vadim\OneDrive\Рабочий стол\Курсова\11\1\SystemForm.h(779,12): warning C4996: 'fopen': This function or variable may be unsafe. Consider using fopen_s instead. To disable deprecation, use _CRT_SECURE_NO_WARNINGS. See online help for details.
C:\Users\vadim\OneDrive\Рабочий стол\Курсова\11\1\LoginForm.h(192,22): warning C4996: 'getenv': This function or variable may be unsafe. Consider using _dupenv_s instead. To disable deprecation, use _CRT_SECURE_NO_WARNINGS. See online help for details.
C:\Users\vadim\OneDrive\Рабочий стол\Курсова\11\1\LoginForm.h(194,4): warning C4996: 'sprintf': This function or variable may be unsafe. Consider using sprintf_s instead. To disable deprecation, use _CRT_SECURE_NO_WARNINGS. See online help for details.
C:\Users\vadim\OneDrive\Рабочий стол\Курсова\11\1\LoginForm.h(195,14): warning C4996: 'mkdir': The POSIX name for this item is deprecated. Instead, use the ISO C and C++ conformant name: _mkdir. See online help for details.
C:\Users\vadim\OneDrive\Рабочий стол\Курсова\11\1\LoginForm.h(199,4): warning C4996: 'sprintf': This function or variable may be unsafe. Consider using sprintf_s instead. To disable deprecation, use _CRT_SECURE_NO_WARNINGS. See online help for details.
C:\Users\vadim\OneDrive\Рабочий стол\Курсова\11\1\LoginForm.h(201,15): warning C4996: 'fopen': This function or variable may be unsafe. Consider using fopen_s instead. To disable deprecation, use _CRT_SECURE_NO_WARNINGS. See online help for details.
C:\Users\vadim\OneDrive\Рабочий стол\Курсова\11\1\LoginForm.h(211,22): warning C4996: 'getenv': This function or variable may be unsafe. Consider using _dupenv_s instead. To disable deprecation, use _CRT_SECURE_NO_WARNINGS. See online help for details.
C:\Users\vadim\OneDrive\Рабочий стол\Курсова\11\1\LoginForm.h(215,4): warning C4996: 'sprintf': This function or variable may be unsafe. Consider using sprintf_s instead. To disable deprecation, use _CRT_SECURE_NO_WARNINGS. See online help for details.
C:\Users\vadim\OneDrive\Рабочий стол\Курсова\11\1\LoginForm.h(217,17): warning C4996: 'mkdir': The POSIX name for this item is deprecated. Instead, use the ISO C and C++ conformant name: _mkdir. See online help for details.
C:\Users\vadim\OneDrive\Рабочий стол\Курсова\11\1\LoginForm.h(219,4): warning C4996: 'sprintf': This function or variable may be unsafe. Consider using sprintf_s instead. To disable deprecation, use _CRT_SECURE_NO_WARNINGS. See online help for details.
C:\Users\vadim\OneDrive\Рабочий стол\Курсова\11\1\LoginForm.h(222,4): warning C4996: 'sprintf': This function or variable may be unsafe. Consider using sprintf_s instead. To disable deprecation, use _CRT_SECURE_NO_WARNINGS. See online help for details.
C:\Users\vadim\OneDrive\Рабочий стол\Курсова\11\1\LoginForm.h(224,4): warning C4996: 'sprintf': This function or variable may be unsafe. Consider using sprintf_s instead. To disable deprecation, use _CRT_SECURE_NO_WARNINGS. See online help for details.
C:\Users\vadim\OneDrive\Рабочий стол\Курсова\11\1\LoginForm.h(228,4): warning C4996: 'strcpy': This function or variable may be unsafe. Consider using strcpy_s instead. To disable deprecation, use _CRT_SECURE_NO_WARNINGS. See online help for details.
C:\Users\vadim\OneDrive\Рабочий стол\Курсова\11\1\LoginForm.h(229,4): warning C4996: 'strcpy': This function or variable may be unsafe. Consider using strcpy_s instead. To disable deprecation, use _CRT_SECURE_NO_WARNINGS. See online help for details.
C:\Users\vadim\OneDrive\Рабочий стол\Курсова\11\1\LoginForm.h(231,15): warning C4996: 'fopen': This function or variable may be unsafe. Consider using fopen_s instead. To disable deprecation, use _CRT_SECURE_NO_WARNINGS. See online help for details.
C:\Users\vadim\OneDrive\Рабочий стол\Курсова\11\1\LoginForm.h(233,10): warning C4996: 'fopen': This function or variable may be unsafe. Consider using fopen_s instead. To disable deprecation, use _CRT_SECURE_NO_WARNINGS. See online help for details.
C:\Users\vadim\OneDrive\Рабочий стол\Курсова\11\1\LoginForm.h(250,21): warning C4996: 'getenv': This function or variable may be unsafe. Consider using _dupenv_s instead. To disable deprecation, use _CRT_SECURE_NO_WARNINGS. See online help for details.
C:\Users\vadim\OneDrive\Рабочий стол\Курсова\11\1\LoginForm.h(253,3): warning C4996: 'sprintf': This function or variable may be unsafe. Consider using sprintf_s instead. To disable deprecation, use _CRT_SECURE_NO_WARNINGS. See online help for details.
C:\Users\vadim\OneDrive\Рабочий стол\Курсова\11\1\LoginForm.h(255,16): warning C4996: 'mkdir': The POSIX name for this item is deprecated. Instead, use the ISO C and C++ conformant name: _mkdir. See online help for details.
C:\Users\vadim\OneDrive\Рабочий стол\Курсова\11\1\LoginForm.h(266,22): warning C4477: 'sprintf' : format string '%s' requires an argument of type 'char *', but variadic argument 2 has type 'System::String ^'
C:\Users\vadim\OneDrive\Рабочий стол\Курсова\11\1\LoginForm.h(262,21): warning C4996: 'getenv': This function or variable may be unsafe. Consider using _dupenv_s instead. To disable deprecation, use _CRT_SECURE_NO_WARNINGS. See online help for details.
C:\Users\vadim\OneDrive\Рабочий стол\Курсова\11\1\LoginForm.h(266,3): warning C4996: 'sprintf': This function or variable may be unsafe. Consider using sprintf_s instead. To disable deprecation, use _CRT_SECURE_NO_WARNINGS. See online help for details.
C:\Users\vadim\OneDrive\Рабочий стол\Курсова\11\1\LoginForm.h(270,8): warning C4996: 'fopen': This function or variable may be unsafe. Consider using fopen_s instead. To disable deprecation, use _CRT_SECURE_NO_WARNINGS. See online help for details.
C:\Users\vadim\OneDrive\Рабочий стол\Курсова\11\1\LoginForm.h(280,6): warning C4996: 'sscanf': This function or variable may be unsafe. Consider using sscanf_s instead. To disable deprecation, use _CRT_SECURE_NO_WARNINGS. See online help for details.
C:\Users\vadim\OneDrive\Рабочий стол\Курсова\11\1\LoginForm.h(284,6): warning C4996: 'sscanf': This function or variable may be unsafe. Consider using sscanf_s instead. To disable deprecation, use _CRT_SECURE_NO_WARNINGS. See online help for details.
C:\Users\vadim\OneDrive\Рабочий стол\Курсова\11\1\LoginForm.h(268,35): warning C4101: 'isAdmin': unreferenced local variable
  MainForm.cpp
C:\Users\vadim\OneDrive\Рабочий стол\Курсова\11\1\SystemForm.h(34,3): warning C4091: 'static ': ignored on left of 'My1::Question' when no variable is declared
C:\Users\vadim\OneDrive\Рабочий стол\Курсова\11\1\SystemForm.h(40,3): warning C4091: 'static ': ignored on left of 'My1::Question_list' when no variable is declared
C:\Users\vadim\OneDrive\Рабочий стол\Курсова\11\1\SystemForm.h(577,21): warning C4996: 'getenv': This function or variable may be unsafe. Consider using _dupenv_s instead. To disable deprecation, use _CRT_SECURE_NO_WARNINGS. See online help for details.
C:\Users\vadim\OneDrive\Рабочий стол\Курсова\11\1\SystemForm.h(581,3): warning C4996: 'sprintf': This function or variable may be unsafe. Consider using sprintf_s instead. To disable deprecation, use _CRT_SECURE_NO_WARNINGS. See online help for details.
C:\Users\vadim\OneDrive\Рабочий стол\Курсова\11\1\SystemForm.h(584,14): warning C4996: 'fopen': This function or variable may be unsafe. Consider using fopen_s instead. To disable deprecation, use _CRT_SECURE_NO_WARNINGS. See online help for details.
C:\Users\vadim\OneDrive\Рабочий стол\Курсова\11\1\SystemForm.h(585,8): warning C4101: 'line': unreferenced local variable
C:\Users\vadim\OneDrive\Рабочий стол\Курсова\11\1\SystemForm.h(594,4): warning C4996: 'strcpy': This function or variable may be unsafe. Consider using strcpy_s instead. To disable deprecation, use _CRT_SECURE_NO_WARNINGS. See online help for details.
C:\Users\vadim\OneDrive\Рабочий стол\Курсова\11\1\SystemForm.h(595,4): warning C4996: 'strcpy': This function or variable may be unsafe. Consider using strcpy_s instead. To disable deprecation, use _CRT_SECURE_NO_WARNINGS. See online help for details.
C:\Users\vadim\OneDrive\Рабочий стол\Курсова\11\1\SystemForm.h(596,4): warning C4996: 'strcpy': This function or variable may be unsafe. Consider using strcpy_s instead. To disable deprecation, use _CRT_SECURE_NO_WARNINGS. See online help for details.
C:\Users\vadim\OneDrive\Рабочий стол\Курсова\11\1\SystemForm.h(597,4): warning C4996: 'strcpy': This function or variable may be unsafe. Consider using strcpy_s instead. To disable deprecation, use _CRT_SECURE_NO_WARNINGS. See online help for details.
C:\Users\vadim\OneDrive\Рабочий стол\Курсова\11\1\SystemForm.h(598,4): warning C4996: 'strcpy': This function or variable may be unsafe. Consider using strcpy_s instead. To disable deprecation, use _CRT_SECURE_NO_WARNINGS. See online help for details.
C:\Users\vadim\OneDrive\Рабочий стол\Курсова\11\1\SystemForm.h(599,4): warning C4996: 'strcpy': This function or variable may be unsafe. Consider using strcpy_s instead. To disable deprecation, use _CRT_SECURE_NO_WARNINGS. See online help for details.
C:\Users\vadim\OneDrive\Рабочий стол\Курсова\11\1\SystemForm.h(668,38): warning C4244: '=': conversion from '__int64' to 'int', possible loss of data
C:\Users\vadim\OneDrive\Рабочий стол\Курсова\11\1\SystemForm.h(662,3): warning C4996: 'strcpy': This function or variable may be unsafe. Consider using strcpy_s instead. To disable deprecation, use _CRT_SECURE_NO_WARNINGS. See online help for details.
C:\Users\vadim\OneDrive\Рабочий стол\Курсова\11\1\SystemForm.h(663,3): warning C4996: 'strcpy': This function or variable may be unsafe. Consider using strcpy_s instead. To disable deprecation, use _CRT_SECURE_NO_WARNINGS. See online help for details.
C:\Users\vadim\OneDrive\Рабочий стол\Курсова\11\1\SystemForm.h(664,3): warning C4996: 'strcpy': This function or variable may be unsafe. Consider using strcpy_s instead. To disable deprecation, use _CRT_SECURE_NO_WARNINGS. See online help for details.
C:\Users\vadim\OneDrive\Рабочий стол\Курсова\11\1\SystemForm.h(665,3): warning C4996: 'strcpy': This function or variable may be unsafe. Consider using strcpy_s instead. To disable deprecation, use _CRT_SECURE_NO_WARNINGS. See online help for details.
C:\Users\vadim\OneDrive\Рабочий стол\Курсова\11\1\SystemForm.h(666,3): warning C4996: 'strcpy': This function or variable may be unsafe. Consider using strcpy_s instead. To disable deprecation, use _CRT_SECURE_NO_WARNINGS. See online help for details.
C:\Users\vadim\OneDrive\Рабочий стол\Курсова\11\1\SystemForm.h(667,3): warning C4996: 'strcpy': This function or variable may be unsafe. Consider using strcpy_s instead. To disable deprecation, use _CRT_SECURE_NO_WARNINGS. See online help for details.
C:\Users\vadim\OneDrive\Рабочий стол\Курсова\11\1\SystemForm.h(671,3): warning C4996: 'strcpy': This function or variable may be unsafe. Consider using strcpy_s instead. To disable deprecation, use _CRT_SECURE_NO_WARNINGS. See online help for details.
C:\Users\vadim\OneDrive\Рабочий стол\Курсова\11\1\SystemForm.h(672,3): warning C4996: 'strcpy': This function or variable may be unsafe. Consider using strcpy_s instead. To disable deprecation, use _CRT_SECURE_NO_WARNINGS. See online help for details.
C:\Users\vadim\OneDrive\Рабочий стол\Курсова\11\1\SystemForm.h(673,3): warning C4996: 'strcpy': This function or variable may be unsafe. Consider using strcpy_s instead. To disable deprecation, use _CRT_SECURE_NO_WARNINGS. See online help for details.
C:\Users\vadim\OneDrive\Рабочий стол\Курсова\11\1\SystemForm.h(674,3): warning C4996: 'strcpy': This function or variable may be unsafe. Consider using strcpy_s instead. To disable deprecation, use _CRT_SECURE_NO_WARNINGS. See online help for details.
C:\Users\vadim\OneDrive\Рабочий стол\Курсова\11\1\SystemForm.h(675,3): warning C4996: 'strcpy': This function or variable may be unsafe. Consider using strcpy_s instead. To disable deprecation, use _CRT_SECURE_NO_WARNINGS. See online help for details.
C:\Users\vadim\OneDrive\Рабочий стол\Курсова\11\1\SystemForm.h(676,3): warning C4996: 'strcpy': This function or variable may be unsafe. Consider using strcpy_s instead. To disable deprecation, use _CRT_SECURE_NO_WARNINGS. See online help for details.
C:\Users\vadim\OneDrive\Рабочий стол\Курсова\11\1\SystemForm.h(679,7): warning C4996: 'fopen': This function or variable may be unsafe. Consider using fopen_s instead. To disable deprecation, use _CRT_SECURE_NO_WARNINGS. See online help for details.
C:\Users\vadim\OneDrive\Рабочий стол\Курсова\11\1\SystemForm.h(681,7): warning C4996: 'fopen': This function or variable may be unsafe. Consider using fopen_s instead. To disable deprecation, use _CRT_SECURE_NO_WARNINGS. See online help for details.
C:\Users\vadim\OneDrive\Рабочий стол\Курсова\11\1\SystemForm.h(691,7): warning C4996: 'fopen': This function or variable may be unsafe. Consider using fopen_s instead. To disable deprecation, use _CRT_SECURE_NO_WARNINGS. See online help for details.
C:\Users\vadim\OneDrive\Рабочий стол\Курсова\11\1\SystemForm.h(779,12): warning C4996: 'fopen': This function or variable may be unsafe. Consider using fopen_s instead. To disable deprecation, use _CRT_SECURE_NO_WARNINGS. See online help for details.
  SystemForm.cpp
C:\Users\vadim\OneDrive\Рабочий стол\Курсова\11\1\SystemForm.h(34,3): warning C4091: 'static ': ignored on left of 'My1::Question' when no variable is declared
C:\Users\vadim\OneDrive\Рабочий стол\Курсова\11\1\SystemForm.h(40,3): warning C4091: 'static ': ignored on left of 'My1::Question_list' when no variable is declared
C:\Users\vadim\OneDrive\Рабочий стол\Курсова\11\1\SystemForm.h(577,21): warning C4996: 'getenv': This function or variable may be unsafe. Consider using _dupenv_s instead. To disable deprecation, use _CRT_SECURE_NO_WARNINGS. See online help for details.
C:\Users\vadim\OneDrive\Рабочий стол\Курсова\11\1\SystemForm.h(581,3): warning C4996: 'sprintf': This function or variable may be unsafe. Consider using sprintf_s instead. To disable deprecation, use _CRT_SECURE_NO_WARNINGS. See online help for details.
C:\Users\vadim\OneDrive\Рабочий стол\Курсова\11\1\SystemForm.h(584,14): warning C4996: 'fopen': This function or variable may be unsafe. Consider using fopen_s instead. To disable deprecation, use _CRT_SECURE_NO_WARNINGS. See online help for details.
C:\Users\vadim\OneDrive\Рабочий стол\Курсова\11\1\SystemForm.h(585,8): warning C4101: 'line': unreferenced local variable
C:\Users\vadim\OneDrive\Рабочий стол\Курсова\11\1\SystemForm.h(594,4): warning C4996: 'strcpy': This function or variable may be unsafe. Consider using strcpy_s instead. To disable deprecation, use _CRT_SECURE_NO_WARNINGS. See online help for details.
C:\Users\vadim\OneDrive\Рабочий стол\Курсова\11\1\SystemForm.h(595,4): warning C4996: 'strcpy': This function or variable may be unsafe. Consider using strcpy_s instead. To disable deprecation, use _CRT_SECURE_NO_WARNINGS. See online help for details.
C:\Users\vadim\OneDrive\Рабочий стол\Курсова\11\1\SystemForm.h(596,4): warning C4996: 'strcpy': This function or variable may be unsafe. Consider using strcpy_s instead. To disable deprecation, use _CRT_SECURE_NO_WARNINGS. See online help for details.
C:\Users\vadim\OneDrive\Рабочий стол\Курсова\11\1\SystemForm.h(597,4): warning C4996: 'strcpy': This function or variable may be unsafe. Consider using strcpy_s instead. To disable deprecation, use _CRT_SECURE_NO_WARNINGS. See online help for details.
C:\Users\vadim\OneDrive\Рабочий стол\Курсова\11\1\SystemForm.h(598,4): warning C4996: 'strcpy': This function or variable may be unsafe. Consider using strcpy_s instead. To disable deprecation, use _CRT_SECURE_NO_WARNINGS. See online help for details.
C:\Users\vadim\OneDrive\Рабочий стол\Курсова\11\1\SystemForm.h(599,4): warning C4996: 'strcpy': This function or variable may be unsafe. Consider using strcpy_s instead. To disable deprecation, use _CRT_SECURE_NO_WARNINGS. See online help for details.
C:\Users\vadim\OneDrive\Рабочий стол\Курсова\11\1\SystemForm.h(668,38): warning C4244: '=': conversion from '__int64' to 'int', possible loss of data
C:\Users\vadim\OneDrive\Рабочий стол\Курсова\11\1\SystemForm.h(662,3): warning C4996: 'strcpy': This function or variable may be unsafe. Consider using strcpy_s instead. To disable deprecation, use _CRT_SECURE_NO_WARNINGS. See online help for details.
C:\Users\vadim\OneDrive\Рабочий стол\Курсова\11\1\SystemForm.h(663,3): warning C4996: 'strcpy': This function or variable may be unsafe. Consider using strcpy_s instead. To disable deprecation, use _CRT_SECURE_NO_WARNINGS. See online help for details.
C:\Users\vadim\OneDrive\Рабочий стол\Курсова\11\1\SystemForm.h(664,3): warning C4996: 'strcpy': This function or variable may be unsafe. Consider using strcpy_s instead. To disable deprecation, use _CRT_SECURE_NO_WARNINGS. See online help for details.
C:\Users\vadim\OneDrive\Рабочий стол\Курсова\11\1\SystemForm.h(665,3): warning C4996: 'strcpy': This function or variable may be unsafe. Consider using strcpy_s instead. To disable deprecation, use _CRT_SECURE_NO_WARNINGS. See online help for details.
C:\Users\vadim\OneDrive\Рабочий стол\Курсова\11\1\SystemForm.h(666,3): warning C4996: 'strcpy': This function or variable may be unsafe. Consider using strcpy_s instead. To disable deprecation, use _CRT_SECURE_NO_WARNINGS. See online help for details.
C:\Users\vadim\OneDrive\Рабочий стол\Курсова\11\1\SystemForm.h(667,3): warning C4996: 'strcpy': This function or variable may be unsafe. Consider using strcpy_s instead. To disable deprecation, use _CRT_SECURE_NO_WARNINGS. See online help for details.
C:\Users\vadim\OneDrive\Рабочий стол\Курсова\11\1\SystemForm.h(671,3): warning C4996: 'strcpy': This function or variable may be unsafe. Consider using strcpy_s instead. To disable deprecation, use _CRT_SECURE_NO_WARNINGS. See online help for details.
C:\Users\vadim\OneDrive\Рабочий стол\Курсова\11\1\SystemForm.h(672,3): warning C4996: 'strcpy': This function or variable may be unsafe. Consider using strcpy_s instead. To disable deprecation, use _CRT_SECURE_NO_WARNINGS. See online help for details.
C:\Users\vadim\OneDrive\Рабочий стол\Курсова\11\1\SystemForm.h(673,3): warning C4996: 'strcpy': This function or variable may be unsafe. Consider using strcpy_s instead. To disable deprecation, use _CRT_SECURE_NO_WARNINGS. See online help for details.
C:\Users\vadim\OneDrive\Рабочий стол\Курсова\11\1\SystemForm.h(674,3): warning C4996: 'strcpy': This function or variable may be unsafe. Consider using strcpy_s instead. To disable deprecation, use _CRT_SECURE_NO_WARNINGS. See online help for details.
C:\Users\vadim\OneDrive\Рабочий стол\Курсова\11\1\SystemForm.h(675,3): warning C4996: 'strcpy': This function or variable may be unsafe. Consider using strcpy_s instead. To disable deprecation, use _CRT_SECURE_NO_WARNINGS. See online help for details.
C:\Users\vadim\OneDrive\Рабочий стол\Курсова\11\1\SystemForm.h(676,3): warning C4996: 'strcpy': This function or variable may be unsafe. Consider using strcpy_s instead. To disable deprecation, use _CRT_SECURE_NO_WARNINGS. See online help for details.
C:\Users\vadim\OneDrive\Рабочий стол\Курсова\11\1\SystemForm.h(679,7): warning C4996: 'fopen': This function or variable may be unsafe. Consider using fopen_s instead. To disable deprecation, use _CRT_SECURE_NO_WARNINGS. See online help for details.
C:\Users\vadim\OneDrive\Рабочий стол\Курсова\11\1\SystemForm.h(681,7): warning C4996: 'fopen': This function or variable may be unsafe. Consider using fopen_s instead. To disable deprecation, use _CRT_SECURE_NO_WARNINGS. See online help for details.
C:\Users\vadim\OneDrive\Рабочий стол\Курсова\11\1\SystemForm.h(691,7): warning C4996: 'fopen': This function or variable may be unsafe. Consider using fopen_s instead. To disable deprecation, use _CRT_SECURE_NO_WARNINGS. See online help for details.
C:\Users\vadim\OneDrive\Рабочий стол\Курсова\11\1\SystemForm.h(779,12): warning C4996: 'fopen': This function or variable may be unsafe. Consider using fopen_s instead. To disable deprecation, use _CRT_SECURE_NO_WARNINGS. See online help for details.
  Generating Code...
  LoginForm.obj : MSIL module encountered; incremental linking is disabled for MSIL; performing full link
  1.vcxproj -> C:\Users\vadim\OneDrive\Рабочий стол\Курсова\11\x64\Debug\1.exe
